<?xml version="1.0" encoding="UTF-8"?>
<!-- Generated by org.testng.reporters.JUnitReportReporter -->
<testsuite hostname="MYSHEC524850L" failures="1" tests="3" name="cucumber.TestRunner" time="974.838" errors="0" timestamp="2025-03-31T15:38:19 IST" skipped="0">
  <testcase classname="cucumber.TestRunner" name="runScenario" time="307.851"/>
  <testcase classname="cucumber.TestRunner" name="runScenario" time="352.987"/>
  <testcase classname="cucumber.TestRunner" name="runScenario" time="314.000">
    <failure message="expected [7] but found [0]" type="java.lang.AssertionError">
      <![CDATA[java.lang.AssertionError: expected [7] but found [0]
at org.testng.Assert.fail(Assert.java:111)
at org.testng.Assert.failNotEquals(Assert.java:1590)
at org.testng.Assert.assertEqualsImpl(Assert.java:150)
at org.testng.Assert.assertEquals(Assert.java:132)
at org.testng.Assert.assertEquals(Assert.java:1431)
at org.testng.Assert.assertEquals(Assert.java:1395)
at org.testng.Assert.assertEquals(Assert.java:1441)
at com.stepDefinition.StepDefinitonImpl.validated_the_total_number_of_items_in_the_cart_n_toalAmount(StepDefinitonImpl.java:68)
at âœ½.validated the total number of items in the cart(file:///C:/Users/anshu.pandey01/eclipse-workspace/amazonAuto/src/test/java/cucumber/ItemSelection.feature:11)
]]>
    </failure>
  </testcase> <!-- runScenario -->
</testsuite> <!-- cucumber.TestRunner -->
